proguard/seeds.txt
com.hkust.ustar.CaptureActivity
com.hkust.ustar.CaptureActivity: CaptureActivity()
com.hkust.ustar.CaptureActivity: void onBackButtonClick(android.view.View)
com.hkust.ustar.CaptureActivity: void onConfirmButtonClick(android.view.View)
com.hkust.ustar.CaptureActivity: void onConfirmButton2Click(android.view.View)
com.hkust.ustar.CaptureActivityHandler$State: com.hkust.ustar.CaptureActivityHandler$State[] values()
com.hkust.ustar.CaptureActivityHandler$State: com.hkust.ustar.CaptureActivityHandler$State valueOf(java.lang.String)
com.hkust.ustar.LocationBased
com.hkust.ustar.LocationBased: LocationBased()
com.hkust.ustar.LocationBased: void onMapButtonClick(android.view.View)
com.hkust.ustar.LocationBased: void onInfoButtonClick(android.view.View)
com.hkust.ustar.LocationBased: void onCVSButtonClick(android.view.View)
com.hkust.ustar.LocationBased: void onStepsTextViewClick(android.view.View)
com.hkust.ustar.PreferencesActivity
com.hkust.ustar.PreferencesActivity: PreferencesActivity()
com.hkust.ustar.R$anim: int slide_out_left
com.hkust.ustar.R$array: int capturemodes
com.hkust.ustar.R$array: int iso6391
com.hkust.ustar.R$array: int iso6393
com.hkust.ustar.R$array: int languagenames
com.hkust.ustar.R$array: int ocrenginemodes
com.hkust.ustar.R$array: int pagesegmentationmodes
com.hkust.ustar.R$color: int help_button_view
com.hkust.ustar.R$color: int help_view
com.hkust.ustar.R$color: int listViewBackground
com.hkust.ustar.R$color: int listViewText
com.hkust.ustar.R$color: int logoBlue
com.hkust.ustar.R$color: int logoGreen
com.hkust.ustar.R$color: int logoOrange
com.hkust.ustar.R$color: int logoYellow
com.hkust.ustar.R$color: int poiDetailBackground
com.hkust.ustar.R$color: int result_minor_text
com.hkust.ustar.R$color: int result_text
com.hkust.ustar.R$color: int result_view
com.hkust.ustar.R$color: int screenTitle
com.hkust.ustar.R$color: int sponsoredBackground
com.hkust.ustar.R$color: int status_text
com.hkust.ustar.R$color: int status_top_text_background
com.hkust.ustar.R$color: int tableViewBackground
com.hkust.ustar.R$color: int toastBackground
com.hkust.ustar.R$color: int toastBorder
com.hkust.ustar.R$color: int toastText
com.hkust.ustar.R$color: int transparent
com.hkust.ustar.R$color: int viewfinder_corners
com.hkust.ustar.R$color: int viewfinder_frame
com.hkust.ustar.R$color: int viewfinder_mask
com.hkust.ustar.R$drawable: int ar
com.hkust.ustar.R$drawable: int ar_button
com.hkust.ustar.R$drawable: int ar_pressed
com.hkust.ustar.R$drawable: int arrow
com.hkust.ustar.R$drawable: int back
com.hkust.ustar.R$drawable: int back_button
com.hkust.ustar.R$drawable: int back_pressed
com.hkust.ustar.R$drawable: int background_nav
com.hkust.ustar.R$drawable: int banner
com.hkust.ustar.R$drawable: int btn_nav_back_default
com.hkust.ustar.R$drawable: int btn_nav_back_disabled
com.hkust.ustar.R$drawable: int btn_nav_back_pressed
com.hkust.ustar.R$drawable: int btn_nav_background_default
com.hkust.ustar.R$drawable: int btn_nav_background_disabled
com.hkust.ustar.R$drawable: int btn_nav_background_pressed
com.hkust.ustar.R$drawable: int btn_nav_bg_selector
com.hkust.ustar.R$drawable: int btn_nav_close_default
com.hkust.ustar.R$drawable: int btn_nav_close_disabled
com.hkust.ustar.R$drawable: int btn_nav_close_pressed
com.hkust.ustar.R$drawable: int btn_nav_forward_default
com.hkust.ustar.R$drawable: int btn_nav_forward_disabled
com.hkust.ustar.R$drawable: int btn_nav_forward_pressed
com.hkust.ustar.R$drawable: int btn_nav_reload_default
com.hkust.ustar.R$drawable: int btn_nav_reload_disabled
com.hkust.ustar.R$drawable: int btn_nav_reload_pressed
com.hkust.ustar.R$drawable: int btn_nav_share_default
com.hkust.ustar.R$drawable: int btn_nav_share_pressed
com.hkust.ustar.R$drawable: int btn_nav_stop_default