proguard/mapping.txt
android.support.v4.os.ParcelableCompat -> android.support.v4.a.a:
android.support.v4.os.ParcelableCompat$CompatCreator -> android.support.v4.a.b:
    android.support.v4.os.ParcelableCompatCreatorCallbacks mCallbacks -> bo
    void <init>(android.support.v4.os.ParcelableCompatCreatorCallbacks) -> <init>
    java.lang.Object createFromParcel(android.os.Parcel) -> createFromParcel
    java.lang.Object[] newArray(int) -> newArray
android.support.v4.os.ParcelableCompatCreatorCallbacks -> android.support.v4.a.c:
    java.lang.Object createFromParcel(android.os.Parcel,java.lang.ClassLoader) -> createFromParcel
    java.lang.Object[] newArray(int) -> newArray
android.support.v4.os.ParcelableCompatCreatorHoneycombMR2 -> android.support.v4.a.d:
    android.support.v4.os.ParcelableCompatCreatorCallbacks mCallbacks -> bo
    void <init>(android.support.v4.os.ParcelableCompatCreatorCallbacks) -> <init>
    java.lang.Object createFromParcel(android.os.Parcel) -> createFromParcel
    java.lang.Object createFromParcel(android.os.Parcel,java.lang.ClassLoader) -> createFromParcel
    java.lang.Object[] newArray(int) -> newArray
android.support.v4.util.ArrayMap -> android.support.v4.b.a:
    android.support.v4.util.MapCollections mCollections -> bp
    void <init>() -> <init>
    android.support.v4.util.MapCollections getCollection() -> u
    void putAll(java.util.Map) -> putAll
    java.util.Set entrySet() -> entrySet
    java.util.Set keySet() -> keySet
    java.util.Collection values() -> values
android.support.v4.util.ArrayMap$1 -> android.support.v4.b.b:
    android.support.v4.util.ArrayMap this$0 -> bq
    void <init>(android.support.v4.util.ArrayMap) -> <init>
    int colGetSize() -> v
    java.lang.Object colGetEntry(int,int) -> a
    int colIndexOfKey(java.lang.Object) -> a
    int colIndexOfValue(java.lang.Object) -> b
    java.util.Map colGetMap() -> w
    void colPut(java.lang.Object,java.lang.Object) -> a
    java.lang.Object colSetValue(int,java.lang.Object) -> a
    void colRemoveAt(int) -> e
    void colClear() -> x
android.support.v4.util.ContainerHelpers -> android.support.v4.b.c:
    int[] EMPTY_INTS -> br
    long[] EMPTY_LONGS -> bs
    java.lang.Object[] EMPTY_OBJECTS -> bt
    boolean equal(java.lang.Object,java.lang.Object) -> b
    int binarySearch(int[],int,int) -> a
    void <clinit>() -> <clinit>
android.support.v4.util.DebugUtils -> android.support.v4.b.d:
    void buildShortClassTag(java.lang.Object,java.lang.StringBuilder) -> a
android.support.v4.util.LogWriter -> android.support.v4.b.e:
    java.lang.String mTag -> mTag
    java.lang.StringBuilder mBuilder -> bu
    void <init>(java.lang.String) -> <init>
    void close() -> close
    void flush() -> flush
    void write(char[],int,int) -> write
    void flushBuilder() -> y