proguard/usage.txt
android.support.v4.view.ViewCompatHC:
    23:23:ViewCompatHC()
    29:29:public static float getAlpha(android.view.View)
    41:41:public static int resolveSizeAndState(int,int,int)
    45:45:public static int getMeasuredWidthAndState(android.view.View)
    49:49:public static int getMeasuredHeightAndState(android.view.View)
    53:53:public static int getMeasuredState(android.view.View)
android.support.v4.view.ViewCompatICS:
    27:27:ViewCompatICS()
    34:34:public static boolean canScrollVertically(android.view.View,int)
    42:43:public static void onPopulateAccessibilityEvent(android.view.View,android.view.accessibility.AccessibilityEvent)
    46:47:public static void onInitializeAccessibilityEvent(android.view.View,android.view.accessibility.AccessibilityEvent)
    50:51:public static void onInitializeAccessibilityNodeInfo(android.view.View,java.lang.Object)
android.support.v4.view.ViewCompatJB:
    26:26:ViewCompatJB()
    29:29:public static boolean hasTransientState(android.view.View)
    33:34:public static void setHasTransientState(android.view.View,boolean)
    50:51:public static void postOnAnimationDelayed(android.view.View,java.lang.Runnable,long)
    62:62:public static boolean performAccessibilityAction(android.view.View,int,android.os.Bundle)
    66:66:public static java.lang.Object getAccessibilityNodeProvider(android.view.View)
android.support.v4.view.ViewCompatJellybeanMr1:
    25:25:ViewCompatJellybeanMr1()
    28:28:public static int getLabelFor(android.view.View)
    32:33:public static void setLabelFor(android.view.View,int)
    44:45:public static void setLayoutDirection(android.view.View,int)
android.support.v4.view.ViewCompatKitKat
android.support.v4.view.ViewConfigurationCompat:
    25:46:public ViewConfigurationCompat()
android.support.v4.view.ViewConfigurationCompatFroyo:
    24:24:ViewConfigurationCompatFroyo()
android.support.v4.view.ViewGroupCompat:
    public static final int LAYOUT_MODE_CLIP_BOUNDS
    public static final int LAYOUT_MODE_OPTICAL_BOUNDS
    120:122:private ViewGroupCompat()
    141:141:public static boolean onRequestSendAccessibilityEvent(android.view.ViewGroup,android.view.View,android.view.accessibility.AccessibilityEvent)
    177:177:public static int getLayoutMode(android.view.ViewGroup)
    190:191:public static void setLayoutMode(android.view.ViewGroup,int)
android.support.v4.view.ViewGroupCompat$ViewGroupCompatIcsImpl:
    87:87:public boolean onRequestSendAccessibilityEvent(android.view.ViewGroup,android.view.View,android.view.accessibility.AccessibilityEvent)
android.support.v4.view.ViewGroupCompat$ViewGroupCompatImpl:
    public abstract boolean onRequestSendAccessibilityEvent(android.view.ViewGroup,android.view.View,android.view.accessibility.AccessibilityEvent)
    public abstract int getLayoutMode(android.view.ViewGroup)
    public abstract void setLayoutMode(android.view.ViewGroup,int)
android.support.v4.view.ViewGroupCompat$ViewGroupCompatJellybeanMR2Impl:
    94:94:public int getLayoutMode(android.view.ViewGroup)
    99:100:public void setLayoutMode(android.view.ViewGroup,int)
android.support.v4.view.ViewGroupCompat$ViewGroupCompatStubImpl:
    58:58:public boolean onRequestSendAccessibilityEvent(android.view.ViewGroup,android.view.View,android.view.accessibility.AccessibilityEvent)
    67:67:public int getLayoutMode(android.view.ViewGroup)
    73:73:public void setLayoutMode(android.view.ViewGroup,int)
android.support.v4.view.ViewGroupCompatHC:
    23:24:private ViewGroupCompatHC()
android.support.v4.view.ViewGroupCompatIcs
android.support.v4.view.ViewGroupCompatJellybeanMR2